Traceback (most recent call last):
  File "C:\Users\valcd\miniconda3\envs\deepenv\lib\site-packages\jupyter_core\utils\__init__.py", line 154, in wrapped
    asyncio.get_running_loop()
RuntimeError: no running event loop

During handling of the above exception, another exception occurred:

Traceback (most recent call last):
  File "C:\Users\valcd\miniconda3\envs\deepenv\lib\site-packages\jupyter_cache\executors\utils.py", line 58, in single_nb_execution
    executenb(
  File "C:\Users\valcd\miniconda3\envs\deepenv\lib\site-packages\nbclient\client.py", line 1319, in execute
    return NotebookClient(nb=nb, resources=resources, km=km, **kwargs).execute()
  File "C:\Users\valcd\miniconda3\envs\deepenv\lib\site-packages\jupyter_core\utils\__init__.py", line 158, in wrapped
    return loop.run_until_complete(inner)
  File "C:\Users\valcd\miniconda3\envs\deepenv\lib\asyncio\base_events.py", line 647, in run_until_complete
    return future.result()
  File "C:\Users\valcd\miniconda3\envs\deepenv\lib\site-packages\nbclient\client.py", line 709, in async_execute
    await self.async_execute_cell(
  File "C:\Users\valcd\miniconda3\envs\deepenv\lib\site-packages\nbclient\client.py", line 1062, in async_execute_cell
    await self._check_raise_for_error(cell, cell_index, exec_reply)
  File "C:\Users\valcd\miniconda3\envs\deepenv\lib\site-packages\nbclient\client.py", line 918, in _check_raise_for_error
    raise CellExecutionError.from_cell_and_msg(cell, exec_reply_content)
nbclient.exceptions.CellExecutionError: An error occurred while executing the following cell:
------------------
# Carpeta de modelos relativa al notebook
model_dir = os.path.join(os.getcwd(), '..', 'app', 'modelos_finales')

if not os.path.exists(model_dir):
    raise FileNotFoundError(f"No se encontró el directorio {model_dir}")

# Listar archivos .joblib
model_files = [f for f in os.listdir(model_dir) if f.endswith('.joblib')]
print("Archivos encontrados:", model_files)

# Cargar los modelos
modelos_cargados = {f: joblib.load(os.path.join(model_dir, f)) for f in model_files}
print(f"Se cargaron {len(modelos_cargados)} modelos.")

------------------


[1;31m---------------------------------------------------------------------------[0m
[1;31mFileNotFoundError[0m                         Traceback (most recent call last)
Cell [1;32mIn[2], line 5[0m
[0;32m      2[0m model_dir [38;5;241m=[39m os[38;5;241m.[39mpath[38;5;241m.[39mjoin(os[38;5;241m.[39mgetcwd(), [38;5;124m'[39m[38;5;124m..[39m[38;5;124m'[39m, [38;5;124m'[39m[38;5;124mapp[39m[38;5;124m'[39m, [38;5;124m'[39m[38;5;124mmodelos_finales[39m[38;5;124m'[39m)
[0;32m      4[0m [38;5;28;01mif[39;00m [38;5;129;01mnot[39;00m os[38;5;241m.[39mpath[38;5;241m.[39mexists(model_dir):
[1;32m----> 5[0m     [38;5;28;01mraise[39;00m [38;5;167;01mFileNotFoundError[39;00m([38;5;124mf[39m[38;5;124m"[39m[38;5;124mNo se encontró el directorio [39m[38;5;132;01m{[39;00mmodel_dir[38;5;132;01m}[39;00m[38;5;124m"[39m)
[0;32m      7[0m [38;5;66;03m# Listar archivos .joblib[39;00m
[0;32m      8[0m model_files [38;5;241m=[39m [f [38;5;28;01mfor[39;00m f [38;5;129;01min[39;00m os[38;5;241m.[39mlistdir(model_dir) [38;5;28;01mif[39;00m f[38;5;241m.[39mendswith([38;5;124m'[39m[38;5;124m.joblib[39m[38;5;124m'[39m)]

[1;31mFileNotFoundError[0m: No se encontró el directorio C:\Users\valcd\OneDrive\Escritorio\SEPTIMO_SEMESTRE\DeepLearning\MiniProyecto2_Volatilidad\notebooks\docs\..\app\modelos_finales

